Timing Analyzer report for T_reg
Mon Nov 21 18:48:52 2022
Quartus Prime Version 20.1.1 Build 720 11/11/2020 SJ Lite Edition


---------------------
; Table of Contents ;
---------------------
  1. Legal Notice
  2. Timing Analyzer Summary
  3. Parallel Compilation
  4. Clocks
  5. Slow 1200mV 125C Model Fmax Summary
  6. Slow 1200mV 125C Model Setup Summary
  7. Slow 1200mV 125C Model Hold Summary
  8. Slow 1200mV 125C Model Recovery Summary
  9. Slow 1200mV 125C Model Removal Summary
 10. Slow 1200mV 125C Model Minimum Pulse Width Summary
 11. Slow 1200mV 125C Model Metastability Summary
 12. Slow 1200mV -40C Model Fmax Summary
 13. Slow 1200mV -40C Model Setup Summary
 14. Slow 1200mV -40C Model Hold Summary
 15. Slow 1200mV -40C Model Recovery Summary
 16. Slow 1200mV -40C Model Removal Summary
 17. Slow 1200mV -40C Model Minimum Pulse Width Summary
 18. Slow 1200mV -40C Model Metastability Summary
 19. Fast 1200mV -40C Model Setup Summary
 20. Fast 1200mV -40C Model Hold Summary
 21. Fast 1200mV -40C Model Recovery Summary
 22. Fast 1200mV -40C Model Removal Summary
 23. Fast 1200mV -40C Model Minimum Pulse Width Summary
 24. Fast 1200mV -40C Model Metastability Summary
 25. Multicorner Timing Analysis Summary
 26. Board Trace Model Assignments
 27. Input Transition Times
 28. Signal Integrity Metrics (Slow 1200mv n40c Model)
 29. Signal Integrity Metrics (Slow 1200mv 125c Model)
 30. Signal Integrity Metrics (Fast 1200mv n40c Model)
 31. Clock Transfers
 32. Report TCCS
 33. Report RSKM
 34. Unconstrained Paths Summary
 35. Clock Status Summary
 36. Unconstrained Input Ports
 37. Unconstrained Output Ports
 38. Unconstrained Input Ports
 39. Unconstrained Output Ports
 40. Timing Analyzer Messages



----------------
; Legal Notice ;
----------------
Copyright (C) 2020  Intel Corporation. All rights reserved.
Your use of Intel Corporation's design tools, logic functions 
and other software and tools, and any partner logic 
functions, and any output files from any of the foregoing 
(including device programming or simulation files), and any 
associated documentation or information are expressly subject 
to the terms and conditions of the Intel Program License 
Subscription Agreement, the Intel Quartus Prime License Agreement,
the Intel FPGA IP License Agreement, or other applicable license
agreement, including, without limitation, that your use is for
the sole purpose of programming logic devices manufactured by
Intel and sold by Intel or its authorized distributors.  Please
refer to the applicable agreement for further details, at
https://fpgasoftware.intel.com/eula.



+-----------------------------------------------------------------------------+
; Timing Analyzer Summary                                                     ;
+-----------------------+-----------------------------------------------------+
; Quartus Prime Version ; Version 20.1.1 Build 720 11/11/2020 SJ Lite Edition ;
; Timing Analyzer       ; Legacy Timing Analyzer                              ;
; Revision Name         ; T_reg                                               ;
; Device Family         ; MAX 10                                              ;
; Device Name           ; 10M02DCU324A6G                                      ;
; Timing Models         ; Final                                               ;
; Delay Model           ; Combined                                            ;
; Rise/Fall Delays      ; Enabled                                             ;
+-----------------------+-----------------------------------------------------+


+------------------------------------------+
; Parallel Compilation                     ;
+----------------------------+-------------+
; Processors                 ; Number      ;
+----------------------------+-------------+
; Number detected on machine ; 8           ;
; Maximum allowed            ; 4           ;
;                            ;             ;
; Average used               ; 1.02        ;
; Maximum used               ; 4           ;
;                            ;             ;
; Usage by Processor         ; % Time Used ;
;     Processor 1            ; 100.0%      ;
;     Processors 2-4         ;   0.7%      ;
+----------------------------+-------------+


+--------------------------------------------------------------------------------------------------------------------------------------------------------------------------------------------------+
; Clocks                                                                                                                                                                                           ;
+-----------------+------+--------+------------+-------+-------+------------+-----------+-------------+-------+--------+-----------+------------+----------+--------+--------+---------------------+
; Clock Name      ; Type ; Period ; Frequency  ; Rise  ; Fall  ; Duty Cycle ; Divide by ; Multiply by ; Phase ; Offset ; Edge List ; Edge Shift ; Inverted ; Master ; Source ; Targets             ;
+-----------------+------+--------+------------+-------+-------+------------+-----------+-------------+-------+--------+-----------+------------+----------+--------+--------+---------------------+
; input_vector[0] ; Base ; 1.000  ; 1000.0 MHz ; 0.000 ; 0.500 ;            ;           ;             ;       ;        ;           ;            ;          ;        ;        ; { input_vector[0] } ;
+-----------------+------+--------+------------+-------+-------+------------+-----------+-------------+-------+--------+-----------+------------+----------+--------+--------+---------------------+


---------------------------------------
; Slow 1200mV 125C Model Fmax Summary ;
---------------------------------------
No paths to report.


----------------------------------------
; Slow 1200mV 125C Model Setup Summary ;
----------------------------------------
No paths to report.


---------------------------------------
; Slow 1200mV 125C Model Hold Summary ;
---------------------------------------
No paths to report.


-------------------------------------------
; Slow 1200mV 125C Model Recovery Summary ;
-------------------------------------------
No paths to report.


------------------------------------------
; Slow 1200mV 125C Model Removal Summary ;
------------------------------------------
No paths to report.


+----------------------------------------------------+
; Slow 1200mV 125C Model Minimum Pulse Width Summary ;
+-----------------+--------+-------------------------+
; Clock           ; Slack  ; End Point TNS           ;
+-----------------+--------+-------------------------+
; input_vector[0] ; -3.000 ; -25.448                 ;
+-----------------+--------+-------------------------+


------------------------------------------------
; Slow 1200mV 125C Model Metastability Summary ;
------------------------------------------------
No synchronizer chains to report.


---------------------------------------
; Slow 1200mV -40C Model Fmax Summary ;
---------------------------------------
No paths to report.


----------------------------------------
; Slow 1200mV -40C Model Setup Summary ;
----------------------------------------
No paths to report.


---------------------------------------
; Slow 1200mV -40C Model Hold Summary ;
---------------------------------------
No paths to report.


-------------------------------------------
; Slow 1200mV -40C Model Recovery Summary ;
-------------------------------------------
No paths to report.


------------------------------------------
; Slow 1200mV -40C Model Removal Summary ;
------------------------------------------
No paths to report.


+----------------------------------------------------+
; Slow 1200mV -40C Model Minimum Pulse Width Summary ;
+-----------------+--------+-------------------------+
; Clock           ; Slack  ; End Point TNS           ;
+-----------------+--------+-------------------------+
; input_vector[0] ; -3.000 ; -23.432                 ;
+-----------------+--------+-------------------------+


------------------------------------------------
; Slow 1200mV -40C Model Metastability Summary ;
------------------------------------------------
No synchronizer chains to report.


----------------------------------------
; Fast 1200mV -40C Model Setup Summary ;
----------------------------------------
No paths to report.


---------------------------------------
; Fast 1200mV -40C Model Hold Summary ;
---------------------------------------
No paths to report.


-------------------------------------------
; Fast 1200mV -40C Model Recovery Summary ;
-------------------------------------------
No paths to report.


------------------------------------------
; Fast 1200mV -40C Model Removal Summary ;
------------------------------------------
No paths to report.


+----------------------------------------------------+
; Fast 1200mV -40C Model Minimum Pulse Width Summary ;
+-----------------+--------+-------------------------+
; Clock           ; Slack  ; End Point TNS           ;
+-----------------+--------+-------------------------+
; input_vector[0] ; -3.000 ; -19.432                 ;
+-----------------+--------+-------------------------+


------------------------------------------------
; Fast 1200mV -40C Model Metastability Summary ;
------------------------------------------------
No synchronizer chains to report.


+----------------------------------------------------------------------------+
; Multicorner Timing Analysis Summary                                        ;
+------------------+-------+------+----------+---------+---------------------+
; Clock            ; Setup ; Hold ; Recovery ; Removal ; Minimum Pulse Width ;
+------------------+-------+------+----------+---------+---------------------+
; Worst-case Slack ; N/A   ; N/A  ; N/A      ; N/A     ; -3.000              ;
;  input_vector[0] ; N/A   ; N/A  ; N/A      ; N/A     ; -3.000              ;
; Design-wide TNS  ; 0.0   ; 0.0  ; 0.0      ; 0.0     ; -25.448             ;
;  input_vector[0] ; N/A   ; N/A  ; N/A      ; N/A     ; -25.448             ;
+------------------+-------+------+----------+---------+---------------------+


+----------------------------------------------------------------------------------------------------------------------------------------------------------------------------------------------------------------------------------------------------------------------------------------------------------------------------------------------------------------------------------------------------------------------+
; Board Trace Model Assignments                                                                                                                                                                                                                                                                                                                                                                                        ;
+-------------------+--------------+-------------------+-------------------------+-------------------------+---------------+---------------------+----------------+------------------+--------+------------------+------------------------+------------------------+--------------+---------------+-----------------+-------+---------------------+--------------------+---------------+-----------------+-------------+
; Pin               ; I/O Standard ; Near Tline Length ; Near Tline L per Length ; Near Tline C per Length ; Near Series R ; Near Differential R ; Near Pull-up R ; Near Pull-down R ; Near C ; Far Tline Length ; Far Tline L per Length ; Far Tline C per Length ; Far Series R ; Far Pull-up R ; Far Pull-down R ; Far C ; Termination Voltage ; Far Differential R ; EBD File Name ; EBD Signal Name ; EBD Far-end ;
+-------------------+--------------+-------------------+-------------------------+-------------------------+---------------+---------------------+----------------+------------------+--------+------------------+------------------------+------------------------+--------------+---------------+-----------------+-------+---------------------+--------------------+---------------+-----------------+-------------+
; output_vector[0]  ; 2.5 V        ; 0 in              ; 0 H/in                  ; 0 F/in                  ; short         ; -                   ; open           ; open             ; open   ; 0 in             ; 0 H/in                 ; 0 F/in                 ; short        ; open          ; open            ; open  ; 0 V                 ; -                  ; n/a           ; n/a             ; n/a         ;
; output_vector[1]  ; 2.5 V        ; 0 in              ; 0 H/in                  ; 0 F/in                  ; short         ; -                   ; open           ; open             ; open   ; 0 in             ; 0 H/in                 ; 0 F/in                 ; short        ; open          ; open            ; open  ; 0 V                 ; -                  ; n/a           ; n/a             ; n/a         ;
; output_vector[2]  ; 2.5 V        ; 0 in              ; 0 H/in                  ; 0 F/in                  ; short         ; -                   ; open           ; open             ; open   ; 0 in             ; 0 H/in                 ; 0 F/in                 ; short        ; open          ; open            ; open  ; 0 V                 ; -                  ; n/a           ; n/a             ; n/a         ;
; output_vector[3]  ; 2.5 V        ; 0 in              ; 0 H/in                  ; 0 F/in                  ; short         ; -                   ; open           ; open             ; open   ; 0 in             ; 0 H/in                 ; 0 F/in                 ; short        ; open          ; open            ; open  ; 0 V                 ; -                  ; n/a           ; n/a             ; n/a         ;
; output_vector[4]  ; 2.5 V        ; 0 in              ; 0 H/in                  ; 0 F/in                  ; short         ; -                   ; open           ; open             ; open   ; 0 in             ; 0 H/in                 ; 0 F/in                 ; short        ; open          ; open            ; open  ; 0 V                 ; -                  ; n/a           ; n/a             ; n/a         ;
; output_vector[5]  ; 2.5 V        ; 0 in              ; 0 H/in                  ; 0 F/in                  ; short         ; -                   ; open           ; open             ; open   ; 0 in             ; 0 H/in                 ; 0 F/in                 ; short        ; open          ; open            ; open  ; 0 V                 ; -                  ; n/a           ; n/a             ; n/a         ;
; output_vector[6]  ; 2.5 V        ; 0 in              ; 0 H/in                  ; 0 F/in                  ; short         ; -                   ; open           ; open             ; open   ; 0 in             ; 0 H/in                 ; 0 F/in                 ; short        ; open          ; open            ; open  ; 0 V                 ; -                  ; n/a           ; n/a             ; n/a         ;
; output_vector[7]  ; 2.5 V        ; 0 in              ; 0 H/in                  ; 0 F/in                  ; short         ; -                   ; open           ; open             ; open   ; 0 in             ; 0 H/in                 ; 0 F/in                 ; short        ; open          ; open            ; open  ; 0 V                 ; -                  ; n/a           ; n/a             ; n/a         ;
; output_vector[8]  ; 2.5 V        ; 0 in              ; 0 H/in                  ; 0 F/in                  ; short         ; -                   ; open           ; open             ; open   ; 0 in             ; 0 H/in                 ; 0 F/in                 ; short        ; open          ; open            ; open  ; 0 V                 ; -                  ; n/a           ; n/a             ; n/a         ;
; output_vector[9]  ; 2.5 V        ; 0 in              ; 0 H/in                  ; 0 F/in                  ; short         ; -                   ; open           ; open             ; open   ; 0 in             ; 0 H/in                 ; 0 F/in                 ; short        ; open          ; open            ; open  ; 0 V                 ; -                  ; n/a           ; n/a             ; n/a         ;
; output_vector[10] ; 2.5 V        ; 0 in              ; 0 H/in                  ; 0 F/in                  ; short         ; -                   ; open           ; open             ; open   ; 0 in             ; 0 H/in                 ; 0 F/in                 ; short        ; open          ; open            ; open  ; 0 V                 ; -                  ; n/a           ; n/a             ; n/a         ;
; output_vector[11] ; 2.5 V        ; 0 in              ; 0 H/in                  ; 0 F/in                  ; short         ; -                   ; open           ; open             ; open   ; 0 in             ; 0 H/in                 ; 0 F/in                 ; short        ; open          ; open            ; open  ; 0 V                 ; -                  ; n/a           ; n/a             ; n/a         ;
; output_vector[12] ; 2.5 V        ; 0 in              ; 0 H/in                  ; 0 F/in                  ; short         ; -                   ; open           ; open             ; open   ; 0 in             ; 0 H/in                 ; 0 F/in                 ; short        ; open          ; open            ; open  ; 0 V                 ; -                  ; n/a           ; n/a             ; n/a         ;
; output_vector[13] ; 2.5 V        ; 0 in              ; 0 H/in                  ; 0 F/in                  ; short         ; -                   ; open           ; open             ; open   ; 0 in             ; 0 H/in                 ; 0 F/in                 ; short        ; open          ; open            ; open  ; 0 V                 ; -                  ; n/a           ; n/a             ; n/a         ;
; output_vector[14] ; 2.5 V        ; 0 in              ; 0 H/in                  ; 0 F/in                  ; short         ; -                   ; open           ; open             ; open   ; 0 in             ; 0 H/in                 ; 0 F/in                 ; short        ; open          ; open            ; open  ; 0 V                 ; -                  ; n/a           ; n/a             ; n/a         ;
; output_vector[15] ; 2.5 V        ; 0 in              ; 0 H/in                  ; 0 F/in                  ; short         ; -                   ; open           ; open             ; open   ; 0 in             ; 0 H/in                 ; 0 F/in                 ; short        ; open          ; open            ; open  ; 0 V                 ; -                  ; n/a           ; n/a             ; n/a         ;
; ~ALTERA_TDO~      ; 2.5 V        ; 0 in              ; 0 H/in                  ; 0 F/in                  ; short         ; -                   ; open           ; open             ; open   ; 0 in             ; 0 H/in                 ; 0 F/in                 ; short        ; open          ; open            ; open  ; 0 V                 ; -                  ; n/a           ; n/a             ; n/a         ;
+-------------------+--------------+-------------------+-------------------------+-------------------------+---------------+---------------------+----------------+------------------+--------+------------------+------------------------+------------------------+--------------+---------------+-----------------+-------+---------------------+--------------------+---------------+-----------------+-------------+


+---------------------------------------------------------------------------------+
; Input Transition Times                                                          ;
+---------------------+-----------------------+-----------------+-----------------+
; Pin                 ; I/O Standard          ; 10-90 Rise Time ; 90-10 Fall Time ;
+---------------------+-----------------------+-----------------+-----------------+
; input_vector[2]     ; 2.5 V                 ; 2000 ps         ; 2000 ps         ;
; input_vector[0]     ; 2.5 V                 ; 2000 ps         ; 2000 ps         ;
; input_vector[1]     ; 2.5 V                 ; 2000 ps         ; 2000 ps         ;
; input_vector[3]     ; 2.5 V                 ; 2000 ps         ; 2000 ps         ;
; input_vector[4]     ; 2.5 V                 ; 2000 ps         ; 2000 ps         ;
; input_vector[5]     ; 2.5 V                 ; 2000 ps         ; 2000 ps         ;
; input_vector[6]     ; 2.5 V                 ; 2000 ps         ; 2000 ps         ;
; input_vector[7]     ; 2.5 V                 ; 2000 ps         ; 2000 ps         ;
; input_vector[8]     ; 2.5 V                 ; 2000 ps         ; 2000 ps         ;
; input_vector[9]     ; 2.5 V                 ; 2000 ps         ; 2000 ps         ;
; input_vector[10]    ; 2.5 V                 ; 2000 ps         ; 2000 ps         ;
; input_vector[11]    ; 2.5 V                 ; 2000 ps         ; 2000 ps         ;
; input_vector[12]    ; 2.5 V                 ; 2000 ps         ; 2000 ps         ;
; input_vector[13]    ; 2.5 V                 ; 2000 ps         ; 2000 ps         ;
; input_vector[14]    ; 2.5 V                 ; 2000 ps         ; 2000 ps         ;
; input_vector[15]    ; 2.5 V                 ; 2000 ps         ; 2000 ps         ;
; input_vector[16]    ; 2.5 V                 ; 2000 ps         ; 2000 ps         ;
; input_vector[17]    ; 2.5 V                 ; 2000 ps         ; 2000 ps         ;
; ~ALTERA_TMS~        ; 2.5 V Schmitt Trigger ; 2000 ps         ; 2000 ps         ;
; ~ALTERA_TCK~        ; 2.5 V Schmitt Trigger ; 2000 ps         ; 2000 ps         ;
; ~ALTERA_TDI~        ; 2.5 V Schmitt Trigger ; 2000 ps         ; 2000 ps         ;
; ~ALTERA_CONFIG_SEL~ ; 2.5 V                 ; 2000 ps         ; 2000 ps         ;
; ~ALTERA_nCONFIG~    ; 2.5 V Schmitt Trigger ; 2000 ps         ; 2000 ps         ;
; ~ALTERA_nSTATUS~    ; 2.5 V Schmitt Trigger ; 2000 ps         ; 2000 ps         ;
; ~ALTERA_CONF_DONE~  ; 2.5 V Schmitt Trigger ; 2000 ps         ; 2000 ps         ;
+---------------------+-----------------------+-----------------+-----------------+


+------------------------------------------------------------------------------------------------------------------------------------------------------------------------------------------------------------------------------------------------------------------------------------------------------------------------------------------------------------------------------------------------------------------------------------------------------------------------------------------------------------------------------------------------------------------------------------------------------------------------------------------------------------------------------------------------+
; Signal Integrity Metrics (Slow 1200mv n40c Model)                                                                                                                                                                                                                                                                                                                                                                                                                                                                                                                                                                                                                                              ;
+-------------------+--------------+---------------------+---------------------+------------------------------+------------------------------+---------------------+---------------------+--------------------------------------+--------------------------------------+-----------------------------+-----------------------------+----------------------------+----------------------------+-----------------------------+-----------------------------+--------------------+--------------------+-------------------------------------+-------------------------------------+----------------------------+----------------------------+---------------------------+---------------------------+
; Pin               ; I/O Standard ; Board Delay on Rise ; Board Delay on Fall ; Steady State Voh at FPGA Pin ; Steady State Vol at FPGA Pin ; Voh Max at FPGA Pin ; Vol Min at FPGA Pin ; Ringback Voltage on Rise at FPGA Pin ; Ringback Voltage on Fall at FPGA Pin ; 10-90 Rise Time at FPGA Pin ; 90-10 Fall Time at FPGA Pin ; Monotonic Rise at FPGA Pin ; Monotonic Fall at FPGA Pin ; Steady State Voh at Far-end ; Steady State Vol at Far-end ; Voh Max at Far-end ; Vol Min at Far-end ; Ringback Voltage on Rise at Far-end ; Ringback Voltage on Fall at Far-end ; 10-90 Rise Time at Far-end ; 90-10 Fall Time at Far-end ; Monotonic Rise at Far-end ; Monotonic Fall at Far-end ;
+-------------------+--------------+---------------------+---------------------+------------------------------+------------------------------+---------------------+---------------------+--------------------------------------+--------------------------------------+-----------------------------+-----------------------------+----------------------------+----------------------------+-----------------------------+-----------------------------+--------------------+--------------------+-------------------------------------+-------------------------------------+----------------------------+----------------------------+---------------------------+---------------------------+
; output_vector[0]  ; 2.5 V        ; 0 s                 ; 0 s                 ; 2.32 V                       ; 2.87e-09 V                   ; 2.45 V              ; -0.0777 V           ; 0.24 V                               ; 0.094 V                              ; 2.74e-10 s                  ; 3.76e-10 s                  ; No                         ; Yes                        ; 2.32 V                      ; 2.87e-09 V                  ; 2.45 V             ; -0.0777 V          ; 0.24 V                              ; 0.094 V                             ; 2.74e-10 s                 ; 3.76e-10 s                 ; No                        ; Yes                       ;
; output_vector[1]  ; 2.5 V        ; 0 s                 ; 0 s                 ; 2.32 V                       ; 2.88e-09 V                   ; 2.44 V              ; -0.0766 V           ; 0.241 V                              ; 0.094 V                              ; 2.74e-10 s                  ; 3.76e-10 s                  ; No                         ; Yes                        ; 2.32 V                      ; 2.88e-09 V                  ; 2.44 V             ; -0.0766 V          ; 0.241 V                             ; 0.094 V                             ; 2.74e-10 s                 ; 3.76e-10 s                 ; No                        ; Yes                       ;
; output_vector[2]  ; 2.5 V        ; 0 s                 ; 0 s                 ; 2.32 V                       ; 2.87e-09 V                   ; 2.45 V              ; -0.0777 V           ; 0.24 V                               ; 0.094 V                              ; 2.74e-10 s                  ; 3.76e-10 s                  ; No                         ; Yes                        ; 2.32 V                      ; 2.87e-09 V                  ; 2.45 V             ; -0.0777 V          ; 0.24 V                              ; 0.094 V                             ; 2.74e-10 s                 ; 3.76e-10 s                 ; No                        ; Yes                       ;
; output_vector[3]  ; 2.5 V        ; 0 s                 ; 0 s                 ; 2.32 V                       ; 2.87e-09 V                   ; 2.45 V              ; -0.0777 V           ; 0.24 V                               ; 0.094 V                              ; 2.74e-10 s                  ; 3.76e-10 s                  ; No                         ; Yes                        ; 2.32 V                      ; 2.87e-09 V                  ; 2.45 V             ; -0.0777 V          ; 0.24 V                              ; 0.094 V                             ; 2.74e-10 s                 ; 3.76e-10 s                 ; No                        ; Yes                       ;
; output_vector[4]  ; 2.5 V        ; 0 s                 ; 0 s                 ; 2.32 V                       ; 2.87e-09 V                   ; 2.45 V              ; -0.0777 V           ; 0.24 V                               ; 0.094 V                              ; 2.74e-10 s                  ; 3.76e-10 s                  ; No                         ; Yes                        ; 2.32 V                      ; 2.87e-09 V                  ; 2.45 V             ; -0.0777 V          ; 0.24 V                              ; 0.094 V                             ; 2.74e-10 s                 ; 3.76e-10 s                 ; No                        ; Yes                       ;
; output_vector[5]  ; 2.5 V        ; 0 s                 ; 0 s                 ; 2.32 V                       ; 2.88e-09 V                   ; 2.44 V              ; -0.0766 V           ; 0.241 V                              ; 0.094 V                              ; 2.74e-10 s                  ; 3.76e-10 s                  ; No                         ; Yes                        ; 2.32 V                      ; 2.88e-09 V                  ; 2.44 V             ; -0.0766 V          ; 0.241 V                             ; 0.094 V                             ; 2.74e-10 s                 ; 3.76e-10 s                 ; No                        ; Yes                       ;
; output_vector[6]  ; 2.5 V        ; 0 s                 ; 0 s                 ; 2.32 V                       ; 2.88e-09 V                   ; 2.44 V              ; -0.0766 V           ; 0.241 V                              ; 0.094 V                              ; 2.74e-10 s                  ; 3.76e-10 s                  ; No                         ; Yes                        ; 2.32 V                      ; 2.88e-09 V                  ; 2.44 V             ; -0.0766 V          ; 0.241 V                             ; 0.094 V                             ; 2.74e-10 s                 ; 3.76e-10 s                 ; No                        ; Yes                       ;
; output_vector[7]  ; 2.5 V        ; 0 s                 ; 0 s                 ; 2.32 V                       ; 2.87e-09 V                   ; 2.45 V              ; -0.0777 V           ; 0.24 V                               ; 0.094 V                              ; 2.74e-10 s                  ; 3.76e-10 s                  ; No                         ; Yes                        ; 2.32 V                      ; 2.87e-09 V                  ; 2.45 V             ; -0.0777 V          ; 0.24 V                              ; 0.094 V                             ; 2.74e-10 s                 ; 3.76e-10 s                 ; No                        ; Yes                       ;
; output_vector[8]  ; 2.5 V        ; 0 s                 ; 0 s                 ; 2.32 V                       ; 2.87e-09 V                   ; 2.45 V              ; -0.0777 V           ; 0.24 V                               ; 0.094 V                              ; 2.74e-10 s                  ; 3.76e-10 s                  ; No                         ; Yes                        ; 2.32 V                      ; 2.87e-09 V                  ; 2.45 V             ; -0.0777 V          ; 0.24 V                              ; 0.094 V                             ; 2.74e-10 s                 ; 3.76e-10 s                 ; No                        ; Yes                       ;
; output_vector[9]  ; 2.5 V        ; 0 s                 ; 0 s                 ; 2.32 V                       ; 2.87e-09 V                   ; 2.45 V              ; -0.0777 V           ; 0.24 V                               ; 0.094 V                              ; 2.74e-10 s                  ; 3.76e-10 s                  ; No                         ; Yes                        ; 2.32 V                      ; 2.87e-09 V                  ; 2.45 V             ; -0.0777 V          ; 0.24 V                              ; 0.094 V                             ; 2.74e-10 s                 ; 3.76e-10 s                 ; No                        ; Yes                       ;
; output_vector[10] ; 2.5 V        ; 0 s                 ; 0 s                 ; 2.32 V                       ; 2.88e-09 V                   ; 2.44 V              ; -0.0766 V           ; 0.241 V                              ; 0.094 V                              ; 2.74e-10 s                  ; 3.76e-10 s                  ; No                         ; Yes                        ; 2.32 V                      ; 2.88e-09 V                  ; 2.44 V             ; -0.0766 V          ; 0.241 V                             ; 0.094 V                             ; 2.74e-10 s                 ; 3.76e-10 s                 ; No                        ; Yes                       ;
; output_vector[11] ; 2.5 V        ; 0 s                 ; 0 s                 ; 2.32 V                       ; 2.87e-09 V                   ; 2.45 V              ; -0.0777 V           ; 0.24 V                               ; 0.094 V                              ; 2.74e-10 s                  ; 3.76e-10 s                  ; No                         ; Yes                        ; 2.32 V                      ; 2.87e-09 V                  ; 2.45 V             ; -0.0777 V          ; 0.24 V                              ; 0.094 V                             ; 2.74e-10 s                 ; 3.76e-10 s                 ; No                        ; Yes                       ;
; output_vector[12] ; 2.5 V        ; 0 s                 ; 0 s                 ; 2.32 V                       ; 2.88e-09 V                   ; 2.34 V              ; -0.00772 V          ; 0.226 V                              ; 0.174 V                              ; 3.38e-09 s                  ; 3.19e-09 s                  ; No                         ; Yes                        ; 2.32 V                      ; 2.88e-09 V                  ; 2.34 V             ; -0.00772 V         ; 0.226 V                             ; 0.174 V                             ; 3.38e-09 s                 ; 3.19e-09 s                 ; No                        ; Yes                       ;
; output_vector[13] ; 2.5 V        ; 0 s                 ; 0 s                 ; 2.32 V                       ; 2.87e-09 V                   ; 2.45 V              ; -0.0777 V           ; 0.24 V                               ; 0.094 V                              ; 2.74e-10 s                  ; 3.76e-10 s                  ; No                         ; Yes                        ; 2.32 V                      ; 2.87e-09 V                  ; 2.45 V             ; -0.0777 V          ; 0.24 V                              ; 0.094 V                             ; 2.74e-10 s                 ; 3.76e-10 s                 ; No                        ; Yes                       ;
; output_vector[14] ; 2.5 V        ; 0 s                 ; 0 s                 ; 2.32 V                       ; 2.88e-09 V                   ; 2.44 V              ; -0.0766 V           ; 0.241 V                              ; 0.094 V                              ; 2.74e-10 s                  ; 3.76e-10 s                  ; No                         ; Yes                        ; 2.32 V                      ; 2.88e-09 V                  ; 2.44 V             ; -0.0766 V          ; 0.241 V                             ; 0.094 V                             ; 2.74e-10 s                 ; 3.76e-10 s                 ; No                        ; Yes                       ;
; output_vector[15] ; 2.5 V        ; 0 s                 ; 0 s                 ; 2.32 V                       ; 2.87e-09 V                   ; 2.45 V              ; -0.0777 V           ; 0.24 V                               ; 0.094 V                              ; 2.74e-10 s                  ; 3.76e-10 s                  ; No                         ; Yes                        ; 2.32 V                      ; 2.87e-09 V                  ; 2.45 V             ; -0.0777 V          ; 0.24 V                              ; 0.094 V                             ; 2.74e-10 s                 ; 3.76e-10 s                 ; No                        ; Yes                       ;
; ~ALTERA_TDO~      ; 2.5 V        ; 0 s                 ; 0 s                 ; 2.32 V                       ; 4.81e-09 V                   ; 2.42 V              ; -0.0353 V           ; 0.182 V                              ; 0.174 V                              ; 4.46e-10 s                  ; 4.41e-10 s                  ; No                         ; Yes                        ; 2.32 V                      ; 4.81e-09 V                  ; 2.42 V             ; -0.0353 V          ; 0.182 V                             ; 0.174 V                             ; 4.46e-10 s                 ; 4.41e-10 s                 ; No                        ; Yes                       ;
+-------------------+--------------+---------------------+---------------------+------------------------------+------------------------------+---------------------+---------------------+--------------------------------------+--------------------------------------+-----------------------------+-----------------------------+----------------------------+----------------------------+-----------------------------+-----------------------------+--------------------+--------------------+-------------------------------------+-------------------------------------+----------------------------+----------------------------+---------------------------+---------------------------+


+------------------------------------------------------------------------------------------------------------------------------------------------------------------------------------------------------------------------------------------------------------------------------------------------------------------------------------------------------------------------------------------------------------------------------------------------------------------------------------------------------------------------------------------------------------------------------------------------------------------------------------------------------------------------------------------------+
; Signal Integrity Metrics (Slow 1200mv 125c Model)                                                                                                                                                                                                                                                                                                                                                                                                                                                                                                                                                                                                                                              ;
+-------------------+--------------+---------------------+---------------------+------------------------------+------------------------------+---------------------+---------------------+--------------------------------------+--------------------------------------+-----------------------------+-----------------------------+----------------------------+----------------------------+-----------------------------+-----------------------------+--------------------+--------------------+-------------------------------------+-------------------------------------+----------------------------+----------------------------+---------------------------+---------------------------+
; Pin               ; I/O Standard ; Board Delay on Rise ; Board Delay on Fall ; Steady State Voh at FPGA Pin ; Steady State Vol at FPGA Pin ; Voh Max at FPGA Pin ; Vol Min at FPGA Pin ; Ringback Voltage on Rise at FPGA Pin ; Ringback Voltage on Fall at FPGA Pin ; 10-90 Rise Time at FPGA Pin ; 90-10 Fall Time at FPGA Pin ; Monotonic Rise at FPGA Pin ; Monotonic Fall at FPGA Pin ; Steady State Voh at Far-end ; Steady State Vol at Far-end ; Voh Max at Far-end ; Vol Min at Far-end ; Ringback Voltage on Rise at Far-end ; Ringback Voltage on Fall at Far-end ; 10-90 Rise Time at Far-end ; 90-10 Fall Time at Far-end ; Monotonic Rise at Far-end ; Monotonic Fall at Far-end ;
+-------------------+--------------+---------------------+---------------------+------------------------------+------------------------------+---------------------+---------------------+--------------------------------------+--------------------------------------+-----------------------------+-----------------------------+----------------------------+----------------------------+-----------------------------+-----------------------------+--------------------+--------------------+-------------------------------------+-------------------------------------+----------------------------+----------------------------+---------------------------+---------------------------+
; output_vector[0]  ; 2.5 V        ; 0 s                 ; 0 s                 ; 2.32 V                       ; 1.04e-05 V                   ; 2.37 V              ; -0.0329 V           ; 0.159 V                              ; 0.185 V                              ; 4.68e-10 s                  ; 4.6e-10 s                   ; Yes                        ; Yes                        ; 2.32 V                      ; 1.04e-05 V                  ; 2.37 V             ; -0.0329 V          ; 0.159 V                             ; 0.185 V                             ; 4.68e-10 s                 ; 4.6e-10 s                  ; Yes                       ; Yes                       ;
; output_vector[1]  ; 2.5 V        ; 0 s                 ; 0 s                 ; 2.32 V                       ; 1.04e-05 V                   ; 2.37 V              ; -0.0319 V           ; 0.159 V                              ; 0.186 V                              ; 4.68e-10 s                  ; 4.6e-10 s                   ; Yes                        ; Yes                        ; 2.32 V                      ; 1.04e-05 V                  ; 2.37 V             ; -0.0319 V          ; 0.159 V                             ; 0.186 V                             ; 4.68e-10 s                 ; 4.6e-10 s                  ; Yes                       ; Yes                       ;
; output_vector[2]  ; 2.5 V        ; 0 s                 ; 0 s                 ; 2.32 V                       ; 1.04e-05 V                   ; 2.37 V              ; -0.0329 V           ; 0.159 V                              ; 0.185 V                              ; 4.68e-10 s                  ; 4.6e-10 s                   ; Yes                        ; Yes                        ; 2.32 V                      ; 1.04e-05 V                  ; 2.37 V             ; -0.0329 V          ; 0.159 V                             ; 0.185 V                             ; 4.68e-10 s                 ; 4.6e-10 s                  ; Yes                       ; Yes                       ;
; output_vector[3]  ; 2.5 V        ; 0 s                 ; 0 s                 ; 2.32 V                       ; 1.04e-05 V                   ; 2.37 V              ; -0.0329 V           ; 0.159 V                              ; 0.185 V                              ; 4.68e-10 s                  ; 4.6e-10 s                   ; Yes                        ; Yes                        ; 2.32 V                      ; 1.04e-05 V                  ; 2.37 V             ; -0.0329 V          ; 0.159 V                             ; 0.185 V                             ; 4.68e-10 s                 ; 4.6e-10 s                  ; Yes                       ; Yes                       ;
; output_vector[4]  ; 2.5 V        ; 0 s                 ; 0 s                 ; 2.32 V                       ; 1.04e-05 V                   ; 2.37 V              ; -0.0329 V           ; 0.159 V                              ; 0.185 V                              ; 4.68e-10 s                  ; 4.6e-10 s                   ; Yes                        ; Yes                        ; 2.32 V                      ; 1.04e-05 V                  ; 2.37 V             ; -0.0329 V          ; 0.159 V                             ; 0.185 V                             ; 4.68e-10 s                 ; 4.6e-10 s                  ; Yes                       ; Yes                       ;
; output_vector[5]  ; 2.5 V        ; 0 s                 ; 0 s                 ; 2.32 V                       ; 1.04e-05 V                   ; 2.37 V              ; -0.0319 V           ; 0.159 V                              ; 0.186 V                              ; 4.68e-10 s                  ; 4.6e-10 s                   ; Yes                        ; Yes                        ; 2.32 V                      ; 1.04e-05 V                  ; 2.37 V             ; -0.0319 V          ; 0.159 V                             ; 0.186 V                             ; 4.68e-10 s                 ; 4.6e-10 s                  ; Yes                       ; Yes                       ;
; output_vector[6]  ; 2.5 V        ; 0 s                 ; 0 s                 ; 2.32 V                       ; 1.04e-05 V                   ; 2.37 V              ; -0.0319 V           ; 0.159 V                              ; 0.186 V                              ; 4.68e-10 s                  ; 4.6e-10 s                   ; Yes                        ; Yes                        ; 2.32 V                      ; 1.04e-05 V                  ; 2.37 V             ; -0.0319 V          ; 0.159 V                             ; 0.186 V                             ; 4.68e-10 s                 ; 4.6e-10 s                  ; Yes                       ; Yes                       ;
; output_vector[7]  ; 2.5 V        ; 0 s                 ; 0 s                 ; 2.32 V                       ; 1.04e-05 V                   ; 2.37 V              ; -0.0329 V           ; 0.159 V                              ; 0.185 V                              ; 4.68e-10 s                  ; 4.6e-10 s                   ; Yes                        ; Yes                        ; 2.32 V                      ; 1.04e-05 V                  ; 2.37 V             ; -0.0329 V          ; 0.159 V                             ; 0.185 V                             ; 4.68e-10 s                 ; 4.6e-10 s                  ; Yes                       ; Yes                       ;
; output_vector[8]  ; 2.5 V        ; 0 s                 ; 0 s                 ; 2.32 V                       ; 1.04e-05 V                   ; 2.37 V              ; -0.0329 V           ; 0.159 V                              ; 0.185 V                              ; 4.68e-10 s                  ; 4.6e-10 s                   ; Yes                        ; Yes                        ; 2.32 V                      ; 1.04e-05 V                  ; 2.37 V             ; -0.0329 V          ; 0.159 V                             ; 0.185 V                             ; 4.68e-10 s                 ; 4.6e-10 s                  ; Yes                       ; Yes                       ;
; output_vector[9]  ; 2.5 V        ; 0 s                 ; 0 s                 ; 2.32 V                       ; 1.04e-05 V                   ; 2.37 V              ; -0.0329 V           ; 0.159 V                              ; 0.185 V                              ; 4.68e-10 s                  ; 4.6e-10 s                   ; Yes                        ; Yes                        ; 2.32 V                      ; 1.04e-05 V                  ; 2.37 V             ; -0.0329 V          ; 0.159 V                             ; 0.185 V                             ; 4.68e-10 s                 ; 4.6e-10 s                  ; Yes                       ; Yes                       ;
; output_vector[10] ; 2.5 V        ; 0 s                 ; 0 s                 ; 2.32 V                       ; 1.04e-05 V                   ; 2.37 V              ; -0.0319 V           ; 0.159 V                              ; 0.186 V                              ; 4.68e-10 s                  ; 4.6e-10 s                   ; Yes                        ; Yes                        ; 2.32 V                      ; 1.04e-05 V                  ; 2.37 V             ; -0.0319 V          ; 0.159 V                             ; 0.186 V                             ; 4.68e-10 s                 ; 4.6e-10 s                  ; Yes                       ; Yes                       ;
; output_vector[11] ; 2.5 V        ; 0 s                 ; 0 s                 ; 2.32 V                       ; 1.04e-05 V                   ; 2.37 V              ; -0.0329 V           ; 0.159 V                              ; 0.185 V                              ; 4.68e-10 s                  ; 4.6e-10 s                   ; Yes                        ; Yes                        ; 2.32 V                      ; 1.04e-05 V                  ; 2.37 V             ; -0.0329 V          ; 0.159 V                             ; 0.185 V                             ; 4.68e-10 s                 ; 4.6e-10 s                  ; Yes                       ; Yes                       ;
; output_vector[12] ; 2.5 V        ; 0 s                 ; 0 s                 ; 2.32 V                       ; 1.04e-05 V                   ; 2.33 V              ; -0.00241 V          ; 0.222 V                              ; 0.089 V                              ; 4.83e-09 s                  ; 4.52e-09 s                  ; No                         ; Yes                        ; 2.32 V                      ; 1.04e-05 V                  ; 2.33 V             ; -0.00241 V         ; 0.222 V                             ; 0.089 V                             ; 4.83e-09 s                 ; 4.52e-09 s                 ; No                        ; Yes                       ;
; output_vector[13] ; 2.5 V        ; 0 s                 ; 0 s                 ; 2.32 V                       ; 1.04e-05 V                   ; 2.37 V              ; -0.0329 V           ; 0.159 V                              ; 0.185 V                              ; 4.68e-10 s                  ; 4.6e-10 s                   ; Yes                        ; Yes                        ; 2.32 V                      ; 1.04e-05 V                  ; 2.37 V             ; -0.0329 V          ; 0.159 V                             ; 0.185 V                             ; 4.68e-10 s                 ; 4.6e-10 s                  ; Yes                       ; Yes                       ;
; output_vector[14] ; 2.5 V        ; 0 s                 ; 0 s                 ; 2.32 V                       ; 1.04e-05 V                   ; 2.37 V              ; -0.0319 V           ; 0.159 V                              ; 0.186 V                              ; 4.68e-10 s                  ; 4.6e-10 s                   ; Yes                        ; Yes                        ; 2.32 V                      ; 1.04e-05 V                  ; 2.37 V             ; -0.0319 V          ; 0.159 V                             ; 0.186 V                             ; 4.68e-10 s                 ; 4.6e-10 s                  ; Yes                       ; Yes                       ;
; output_vector[15] ; 2.5 V        ; 0 s                 ; 0 s                 ; 2.32 V                       ; 1.04e-05 V                   ; 2.37 V              ; -0.0329 V           ; 0.159 V                              ; 0.185 V                              ; 4.68e-10 s                  ; 4.6e-10 s                   ; Yes                        ; Yes                        ; 2.32 V                      ; 1.04e-05 V                  ; 2.37 V             ; -0.0329 V          ; 0.159 V                             ; 0.185 V                             ; 4.68e-10 s                 ; 4.6e-10 s                  ; Yes                       ; Yes                       ;
; ~ALTERA_TDO~      ; 2.5 V        ; 0 s                 ; 0 s                 ; 2.32 V                       ; 1.77e-05 V                   ; 2.36 V              ; -0.00837 V          ; 0.149 V                              ; 0.04 V                               ; 6.5e-10 s                   ; 7.37e-10 s                  ; No                         ; Yes                        ; 2.32 V                      ; 1.77e-05 V                  ; 2.36 V             ; -0.00837 V         ; 0.149 V                             ; 0.04 V                              ; 6.5e-10 s                  ; 7.37e-10 s                 ; No                        ; Yes                       ;
+-------------------+--------------+---------------------+---------------------+------------------------------+------------------------------+---------------------+---------------------+--------------------------------------+--------------------------------------+-----------------------------+-----------------------------+----------------------------+----------------------------+-----------------------------+-----------------------------+--------------------+--------------------+-------------------------------------+-------------------------------------+----------------------------+----------------------------+---------------------------+---------------------------+


+------------------------------------------------------------------------------------------------------------------------------------------------------------------------------------------------------------------------------------------------------------------------------------------------------------------------------------------------------------------------------------------------------------------------------------------------------------------------------------------------------------------------------------------------------------------------------------------------------------------------------------------------------------------------------------------------+
; Signal Integrity Metrics (Fast 1200mv n40c Model)                                                                                                                                                                                                                                                                                                                                                                                                                                                                                                                                                                                                                                              ;
+-------------------+--------------+---------------------+---------------------+------------------------------+------------------------------+---------------------+---------------------+--------------------------------------+--------------------------------------+-----------------------------+-----------------------------+----------------------------+----------------------------+-----------------------------+-----------------------------+--------------------+--------------------+-------------------------------------+-------------------------------------+----------------------------+----------------------------+---------------------------+---------------------------+
; Pin               ; I/O Standard ; Board Delay on Rise ; Board Delay on Fall ; Steady State Voh at FPGA Pin ; Steady State Vol at FPGA Pin ; Voh Max at FPGA Pin ; Vol Min at FPGA Pin ; Ringback Voltage on Rise at FPGA Pin ; Ringback Voltage on Fall at FPGA Pin ; 10-90 Rise Time at FPGA Pin ; 90-10 Fall Time at FPGA Pin ; Monotonic Rise at FPGA Pin ; Monotonic Fall at FPGA Pin ; Steady State Voh at Far-end ; Steady State Vol at Far-end ; Voh Max at Far-end ; Vol Min at Far-end ; Ringback Voltage on Rise at Far-end ; Ringback Voltage on Fall at Far-end ; 10-90 Rise Time at Far-end ; 90-10 Fall Time at Far-end ; Monotonic Rise at Far-end ; Monotonic Fall at Far-end ;
+-------------------+--------------+---------------------+---------------------+------------------------------+------------------------------+---------------------+---------------------+--------------------------------------+--------------------------------------+-----------------------------+-----------------------------+----------------------------+----------------------------+-----------------------------+-----------------------------+--------------------+--------------------+-------------------------------------+-------------------------------------+----------------------------+----------------------------+---------------------------+---------------------------+
; output_vector[0]  ; 2.5 V        ; 0 s                 ; 0 s                 ; 2.62 V                       ; 8.38e-09 V                   ; 2.81 V              ; -0.0554 V           ; 0.246 V                              ; 0.091 V                              ; 2.59e-10 s                  ; 2.54e-10 s                  ; No                         ; Yes                        ; 2.62 V                      ; 8.38e-09 V                  ; 2.81 V             ; -0.0554 V          ; 0.246 V                             ; 0.091 V                             ; 2.59e-10 s                 ; 2.54e-10 s                 ; No                        ; Yes                       ;
; output_vector[1]  ; 2.5 V        ; 0 s                 ; 0 s                 ; 2.62 V                       ; 8.38e-09 V                   ; 2.81 V              ; -0.0548 V           ; 0.247 V                              ; 0.09 V                               ; 2.59e-10 s                  ; 2.54e-10 s                  ; No                         ; Yes                        ; 2.62 V                      ; 8.38e-09 V                  ; 2.81 V             ; -0.0548 V          ; 0.247 V                             ; 0.09 V                              ; 2.59e-10 s                 ; 2.54e-10 s                 ; No                        ; Yes                       ;
; output_vector[2]  ; 2.5 V        ; 0 s                 ; 0 s                 ; 2.62 V                       ; 8.38e-09 V                   ; 2.81 V              ; -0.0554 V           ; 0.246 V                              ; 0.091 V                              ; 2.59e-10 s                  ; 2.54e-10 s                  ; No                         ; Yes                        ; 2.62 V                      ; 8.38e-09 V                  ; 2.81 V             ; -0.0554 V          ; 0.246 V                             ; 0.091 V                             ; 2.59e-10 s                 ; 2.54e-10 s                 ; No                        ; Yes                       ;
; output_vector[3]  ; 2.5 V        ; 0 s                 ; 0 s                 ; 2.62 V                       ; 8.38e-09 V                   ; 2.81 V              ; -0.0554 V           ; 0.246 V                              ; 0.091 V                              ; 2.59e-10 s                  ; 2.54e-10 s                  ; No                         ; Yes                        ; 2.62 V                      ; 8.38e-09 V                  ; 2.81 V             ; -0.0554 V          ; 0.246 V                             ; 0.091 V                             ; 2.59e-10 s                 ; 2.54e-10 s                 ; No                        ; Yes                       ;
; output_vector[4]  ; 2.5 V        ; 0 s                 ; 0 s                 ; 2.62 V                       ; 8.38e-09 V                   ; 2.81 V              ; -0.0554 V           ; 0.246 V                              ; 0.091 V                              ; 2.59e-10 s                  ; 2.54e-10 s                  ; No                         ; Yes                        ; 2.62 V                      ; 8.38e-09 V                  ; 2.81 V             ; -0.0554 V          ; 0.246 V                             ; 0.091 V                             ; 2.59e-10 s                 ; 2.54e-10 s                 ; No                        ; Yes                       ;
; output_vector[5]  ; 2.5 V        ; 0 s                 ; 0 s                 ; 2.62 V                       ; 8.38e-09 V                   ; 2.81 V              ; -0.0548 V           ; 0.247 V                              ; 0.09 V                               ; 2.59e-10 s                  ; 2.54e-10 s                  ; No                         ; Yes                        ; 2.62 V                      ; 8.38e-09 V                  ; 2.81 V             ; -0.0548 V          ; 0.247 V                             ; 0.09 V                              ; 2.59e-10 s                 ; 2.54e-10 s                 ; No                        ; Yes                       ;
; output_vector[6]  ; 2.5 V        ; 0 s                 ; 0 s                 ; 2.62 V                       ; 8.38e-09 V                   ; 2.81 V              ; -0.0548 V           ; 0.247 V                              ; 0.09 V                               ; 2.59e-10 s                  ; 2.54e-10 s                  ; No                         ; Yes                        ; 2.62 V                      ; 8.38e-09 V                  ; 2.81 V             ; -0.0548 V          ; 0.247 V                             ; 0.09 V                              ; 2.59e-10 s                 ; 2.54e-10 s                 ; No                        ; Yes                       ;
; output_vector[7]  ; 2.5 V        ; 0 s                 ; 0 s                 ; 2.62 V                       ; 8.38e-09 V                   ; 2.81 V              ; -0.0554 V           ; 0.246 V                              ; 0.091 V                              ; 2.59e-10 s                  ; 2.54e-10 s                  ; No                         ; Yes                        ; 2.62 V                      ; 8.38e-09 V                  ; 2.81 V             ; -0.0554 V          ; 0.246 V                             ; 0.091 V                             ; 2.59e-10 s                 ; 2.54e-10 s                 ; No                        ; Yes                       ;
; output_vector[8]  ; 2.5 V        ; 0 s                 ; 0 s                 ; 2.62 V                       ; 8.38e-09 V                   ; 2.81 V              ; -0.0554 V           ; 0.246 V                              ; 0.091 V                              ; 2.59e-10 s                  ; 2.54e-10 s                  ; No                         ; Yes                        ; 2.62 V                      ; 8.38e-09 V                  ; 2.81 V             ; -0.0554 V          ; 0.246 V                             ; 0.091 V                             ; 2.59e-10 s                 ; 2.54e-10 s                 ; No                        ; Yes                       ;
; output_vector[9]  ; 2.5 V        ; 0 s                 ; 0 s                 ; 2.62 V                       ; 8.38e-09 V                   ; 2.81 V              ; -0.0554 V           ; 0.246 V                              ; 0.091 V                              ; 2.59e-10 s                  ; 2.54e-10 s                  ; No                         ; Yes                        ; 2.62 V                      ; 8.38e-09 V                  ; 2.81 V             ; -0.0554 V          ; 0.246 V                             ; 0.091 V                             ; 2.59e-10 s                 ; 2.54e-10 s                 ; No                        ; Yes                       ;
; output_vector[10] ; 2.5 V        ; 0 s                 ; 0 s                 ; 2.62 V                       ; 8.38e-09 V                   ; 2.81 V              ; -0.0548 V           ; 0.247 V                              ; 0.09 V                               ; 2.59e-10 s                  ; 2.54e-10 s                  ; No                         ; Yes                        ; 2.62 V                      ; 8.38e-09 V                  ; 2.81 V             ; -0.0548 V          ; 0.247 V                             ; 0.09 V                              ; 2.59e-10 s                 ; 2.54e-10 s                 ; No                        ; Yes                       ;
; output_vector[11] ; 2.5 V        ; 0 s                 ; 0 s                 ; 2.62 V                       ; 8.38e-09 V                   ; 2.81 V              ; -0.0554 V           ; 0.246 V                              ; 0.091 V                              ; 2.59e-10 s                  ; 2.54e-10 s                  ; No                         ; Yes                        ; 2.62 V                      ; 8.38e-09 V                  ; 2.81 V             ; -0.0554 V          ; 0.246 V                             ; 0.091 V                             ; 2.59e-10 s                 ; 2.54e-10 s                 ; No                        ; Yes                       ;
; output_vector[12] ; 2.5 V        ; 0 s                 ; 0 s                 ; 2.62 V                       ; 8.38e-09 V                   ; 2.64 V              ; -0.0108 V           ; 0.239 V                              ; 0.191 V                              ; 2.85e-09 s                  ; 2.75e-09 s                  ; No                         ; Yes                        ; 2.62 V                      ; 8.38e-09 V                  ; 2.64 V             ; -0.0108 V          ; 0.239 V                             ; 0.191 V                             ; 2.85e-09 s                 ; 2.75e-09 s                 ; No                        ; Yes                       ;
; output_vector[13] ; 2.5 V        ; 0 s                 ; 0 s                 ; 2.62 V                       ; 8.38e-09 V                   ; 2.81 V              ; -0.0554 V           ; 0.246 V                              ; 0.091 V                              ; 2.59e-10 s                  ; 2.54e-10 s                  ; No                         ; Yes                        ; 2.62 V                      ; 8.38e-09 V                  ; 2.81 V             ; -0.0554 V          ; 0.246 V                             ; 0.091 V                             ; 2.59e-10 s                 ; 2.54e-10 s                 ; No                        ; Yes                       ;
; output_vector[14] ; 2.5 V        ; 0 s                 ; 0 s                 ; 2.62 V                       ; 8.38e-09 V                   ; 2.81 V              ; -0.0548 V           ; 0.247 V                              ; 0.09 V                               ; 2.59e-10 s                  ; 2.54e-10 s                  ; No                         ; Yes                        ; 2.62 V                      ; 8.38e-09 V                  ; 2.81 V             ; -0.0548 V          ; 0.247 V                             ; 0.09 V                              ; 2.59e-10 s                 ; 2.54e-10 s                 ; No                        ; Yes                       ;
; output_vector[15] ; 2.5 V        ; 0 s                 ; 0 s                 ; 2.62 V                       ; 8.38e-09 V                   ; 2.81 V              ; -0.0554 V           ; 0.246 V                              ; 0.091 V                              ; 2.59e-10 s                  ; 2.54e-10 s                  ; No                         ; Yes                        ; 2.62 V                      ; 8.38e-09 V                  ; 2.81 V             ; -0.0554 V          ; 0.246 V                             ; 0.091 V                             ; 2.59e-10 s                 ; 2.54e-10 s                 ; No                        ; Yes                       ;
; ~ALTERA_TDO~      ; 2.5 V        ; 0 s                 ; 0 s                 ; 2.62 V                       ; 1.41e-08 V                   ; 2.76 V              ; -0.0557 V           ; 0.312 V                              ; 0.096 V                              ; 2.82e-10 s                  ; 4.04e-10 s                  ; No                         ; Yes                        ; 2.62 V                      ; 1.41e-08 V                  ; 2.76 V             ; -0.0557 V          ; 0.312 V                             ; 0.096 V                             ; 2.82e-10 s                 ; 4.04e-10 s                 ; No                        ; Yes                       ;
+-------------------+--------------+---------------------+---------------------+------------------------------+------------------------------+---------------------+---------------------+--------------------------------------+--------------------------------------+-----------------------------+-----------------------------+----------------------------+----------------------------+-----------------------------+-----------------------------+--------------------+--------------------+-------------------------------------+-------------------------------------+----------------------------+----------------------------+---------------------------+---------------------------+


-------------------
; Clock Transfers ;
-------------------
Nothing to report.


---------------
; Report TCCS ;
---------------
No dedicated SERDES Transmitter circuitry present in device or used in design


---------------
; Report RSKM ;
---------------
No non-DPA dedicated SERDES Receiver circuitry present in device or used in design


+------------------------------------------------+
; Unconstrained Paths Summary                    ;
+---------------------------------+-------+------+
; Property                        ; Setup ; Hold ;
+---------------------------------+-------+------+
; Illegal Clocks                  ; 0     ; 0    ;
; Unconstrained Clocks            ; 0     ; 0    ;
; Unconstrained Input Ports       ; 17    ; 17   ;
; Unconstrained Input Port Paths  ; 32    ; 32   ;
; Unconstrained Output Ports      ; 16    ; 16   ;
; Unconstrained Output Port Paths ; 16    ; 16   ;
+---------------------------------+-------+------+


+--------------------------------------------------------+
; Clock Status Summary                                   ;
+-----------------+-----------------+------+-------------+
; Target          ; Clock           ; Type ; Status      ;
+-----------------+-----------------+------+-------------+
; input_vector[0] ; input_vector[0] ; Base ; Constrained ;
+-----------------+-----------------+------+-------------+


+---------------------------------------------------------------------------------------------------------+
; Unconstrained Input Ports                                                                               ;
+------------------+--------------------------------------------------------------------------------------+
; Input Port       ; Comment                                                                              ;
+------------------+--------------------------------------------------------------------------------------+
; input_vector[1]  ; No input delay, min/max delays, false-path exceptions, or max skew assignments found ;
; input_vector[2]  ; No input delay, min/max delays, false-path exceptions, or max skew assignments found ;
; input_vector[3]  ; No input delay, min/max delays, false-path exceptions, or max skew assignments found ;
; input_vector[4]  ; No input delay, min/max delays, false-path exceptions, or max skew assignments found ;
; input_vector[5]  ; No input delay, min/max delays, false-path exceptions, or max skew assignments found ;
; input_vector[6]  ; No input delay, min/max delays, false-path exceptions, or max skew assignments found ;
; input_vector[7]  ; No input delay, min/max delays, false-path exceptions, or max skew assignments found ;
; input_vector[8]  ; No input delay, min/max delays, false-path exceptions, or max skew assignments found ;
; input_vector[9]  ; No input delay, min/max delays, false-path exceptions, or max skew assignments found ;
; input_vector[10] ; No input delay, min/max delays, false-path exceptions, or max skew assignments found ;
; input_vector[11] ; No input delay, min/max delays, false-path exceptions, or max skew assignments found ;
; input_vector[12] ; No input delay, min/max delays, false-path exceptions, or max skew assignments found ;
; input_vector[13] ; No input delay, min/max delays, false-path exceptions, or max skew assignments found ;
; input_vector[14] ; No input delay, min/max delays, false-path exceptions, or max skew assignments found ;
; input_vector[15] ; No input delay, min/max delays, false-path exceptions, or max skew assignments found ;
; input_vector[16] ; No input delay, min/max delays, false-path exceptions, or max skew assignments found ;
; input_vector[17] ; No input delay, min/max delays, false-path exceptions, or max skew assignments found ;
+------------------+--------------------------------------------------------------------------------------+


+-----------------------------------------------------------------------------------------------------------+
; Unconstrained Output Ports                                                                                ;
+-------------------+---------------------------------------------------------------------------------------+
; Output Port       ; Comment                                                                               ;
+-------------------+---------------------------------------------------------------------------------------+
; output_vector[0]  ; No output delay, min/max delays, false-path exceptions, or max skew assignments found ;
; output_vector[1]  ; No output delay, min/max delays, false-path exceptions, or max skew assignments found ;
; output_vector[2]  ; No output delay, min/max delays, false-path exceptions, or max skew assignments found ;
; output_vector[3]  ; No output delay, min/max delays, false-path exceptions, or max skew assignments found ;
; output_vector[4]  ; No output delay, min/max delays, false-path exceptions, or max skew assignments found ;
; output_vector[5]  ; No output delay, min/max delays, false-path exceptions, or max skew assignments found ;
; output_vector[6]  ; No output delay, min/max delays, false-path exceptions, or max skew assignments found ;
; output_vector[7]  ; No output delay, min/max delays, false-path exceptions, or max skew assignments found ;
; output_vector[8]  ; No output delay, min/max delays, false-path exceptions, or max skew assignments found ;
; output_vector[9]  ; No output delay, min/max delays, false-path exceptions, or max skew assignments found ;
; output_vector[10] ; No output delay, min/max delays, false-path exceptions, or max skew assignments found ;
; output_vector[11] ; No output delay, min/max delays, false-path exceptions, or max skew assignments found ;
; output_vector[12] ; No output delay, min/max delays, false-path exceptions, or max skew assignments found ;
; output_vector[13] ; No output delay, min/max delays, false-path exceptions, or max skew assignments found ;
; output_vector[14] ; No output delay, min/max delays, false-path exceptions, or max skew assignments found ;
; output_vector[15] ; No output delay, min/max delays, false-path exceptions, or max skew assignments found ;
+-------------------+---------------------------------------------------------------------------------------+


+---------------------------------------------------------------------------------------------------------+
; Unconstrained Input Ports                                                                               ;
+------------------+--------------------------------------------------------------------------------------+
; Input Port       ; Comment                                                                              ;
+------------------+--------------------------------------------------------------------------------------+
; input_vector[1]  ; No input delay, min/max delays, false-path exceptions, or max skew assignments found ;
; input_vector[2]  ; No input delay, min/max delays, false-path exceptions, or max skew assignments found ;
; input_vector[3]  ; No input delay, min/max delays, false-path exceptions, or max skew assignments found ;
; input_vector[4]  ; No input delay, min/max delays, false-path exceptions, or max skew assignments found ;
; input_vector[5]  ; No input delay, min/max delays, false-path exceptions, or max skew assignments found ;
; input_vector[6]  ; No input delay, min/max delays, false-path exceptions, or max skew assignments found ;
; input_vector[7]  ; No input delay, min/max delays, false-path exceptions, or max skew assignments found ;
; input_vector[8]  ; No input delay, min/max delays, false-path exceptions, or max skew assignments found ;
; input_vector[9]  ; No input delay, min/max delays, false-path exceptions, or max skew assignments found ;
; input_vector[10] ; No input delay, min/max delays, false-path exceptions, or max skew assignments found ;
; input_vector[11] ; No input delay, min/max delays, false-path exceptions, or max skew assignments found ;
; input_vector[12] ; No input delay, min/max delays, false-path exceptions, or max skew assignments found ;
; input_vector[13] ; No input delay, min/max delays, false-path exceptions, or max skew assignments found ;
; input_vector[14] ; No input delay, min/max delays, false-path exceptions, or max skew assignments found ;
; input_vector[15] ; No input delay, min/max delays, false-path exceptions, or max skew assignments found ;
; input_vector[16] ; No input delay, min/max delays, false-path exceptions, or max skew assignments found ;
; input_vector[17] ; No input delay, min/max delays, false-path exceptions, or max skew assignments found ;
+------------------+--------------------------------------------------------------------------------------+


+-----------------------------------------------------------------------------------------------------------+
; Unconstrained Output Ports                                                                                ;
+-------------------+---------------------------------------------------------------------------------------+
; Output Port       ; Comment                                                                               ;
+-------------------+---------------------------------------------------------------------------------------+
; output_vector[0]  ; No output delay, min/max delays, false-path exceptions, or max skew assignments found ;
; output_vector[1]  ; No output delay, min/max delays, false-path exceptions, or max skew assignments found ;
; output_vector[2]  ; No output delay, min/max delays, false-path exceptions, or max skew assignments found ;
; output_vector[3]  ; No output delay, min/max delays, false-path exceptions, or max skew assignments found ;
; output_vector[4]  ; No output delay, min/max delays, false-path exceptions, or max skew assignments found ;
; output_vector[5]  ; No output delay, min/max delays, false-path exceptions, or max skew assignments found ;
; output_vector[6]  ; No output delay, min/max delays, false-path exceptions, or max skew assignments found ;
; output_vector[7]  ; No output delay, min/max delays, false-path exceptions, or max skew assignments found ;
; output_vector[8]  ; No output delay, min/max delays, false-path exceptions, or max skew assignments found ;
; output_vector[9]  ; No output delay, min/max delays, false-path exceptions, or max skew assignments found ;
; output_vector[10] ; No output delay, min/max delays, false-path exceptions, or max skew assignments found ;
; output_vector[11] ; No output delay, min/max delays, false-path exceptions, or max skew assignments found ;
; output_vector[12] ; No output delay, min/max delays, false-path exceptions, or max skew assignments found ;
; output_vector[13] ; No output delay, min/max delays, false-path exceptions, or max skew assignments found ;
; output_vector[14] ; No output delay, min/max delays, false-path exceptions, or max skew assignments found ;
; output_vector[15] ; No output delay, min/max delays, false-path exceptions, or max skew assignments found ;
+-------------------+---------------------------------------------------------------------------------------+


+--------------------------+
; Timing Analyzer Messages ;
+--------------------------+
Info: *******************************************************************
Info: Running Quartus Prime Timing Analyzer
    Info: Version 20.1.1 Build 720 11/11/2020 SJ Lite Edition
    Info: Processing started: Mon Nov 21 18:48:50 2022
Info: Command: quartus_sta T_reg -c T_reg
Info: qsta_default_script.tcl version: #1
Warning (18236): Number of processors has not been specified which may cause overloading on shared machines.  Set the global assignment NUM_PARALLEL_PROCESSORS in your QSF to an appropriate value for best performance.
Info (20030): Parallel compilation is enabled and will use 4 of the 4 processors detected
Info (21077): Low junction temperature is -40 degrees C
Info (21077): High junction temperature is 125 degrees C
Critical Warning (332012): Synopsys Design Constraints File file not found: 'T_reg.sdc'. A Synopsys Design Constraints File is required by the Timing Analyzer to get proper timing constraints. Without it, the Compiler will not properly optimize the design.
Info (332142): No user constrained base clocks found in the design. Calling "derive_clocks -period 1.0"
Info (332105): Deriving Clocks
    Info (332105): create_clock -period 1.000 -name input_vector[0] input_vector[0]
Info (332143): No user constrained clock uncertainty found in the design. Calling "derive_clock_uncertainty"
Info (332154): The derive_clock_uncertainty command did not apply clock uncertainty to any clock-to-clock transfers.
Info: Found TIMING_ANALYZER_REPORT_SCRIPT_INCLUDE_DEFAULT_ANALYSIS = ON
Info: Analyzing Slow 1200mV 125C Model
Info (332140): No fmax paths to report
Info: Can't run Report Timing Closure Recommendations. The current device family is not supported.
Info (332140): No Setup paths to report
Info (332140): No Hold paths to report
Info (332140): No Recovery paths to report
Info (332140): No Removal paths to report
Critical Warning (332148): Timing requirements not met
Info (332146): Worst-case minimum pulse width slack is -3.000
    Info (332119):     Slack       End Point TNS Clock 
    Info (332119): ========= =================== =====================
    Info (332119):    -3.000             -25.448 input_vector[0] 
Info: Analyzing Slow 1200mV -40C Model
Info (334003): Started post-fitting delay annotation
Info (334004): Delay annotation completed successfully
Info (332154): The derive_clock_uncertainty command did not apply clock uncertainty to any clock-to-clock transfers.
Info (332140): No fmax paths to report
Info (332140): No Setup paths to report
Info (332140): No Hold paths to report
Info (332140): No Recovery paths to report
Info (332140): No Removal paths to report
Critical Warning (332148): Timing requirements not met
Info (332146): Worst-case minimum pulse width slack is -3.000
    Info (332119):     Slack       End Point TNS Clock 
    Info (332119): ========= =================== =====================
    Info (332119):    -3.000             -23.432 input_vector[0] 
Info: Analyzing Fast 1200mV -40C Model
Info (332154): The derive_clock_uncertainty command did not apply clock uncertainty to any clock-to-clock transfers.
Info (332140): No Setup paths to report
Info (332140): No Hold paths to report
Info (332140): No Recovery paths to report
Info (332140): No Removal paths to report
Critical Warning (332148): Timing requirements not met
Info (332146): Worst-case minimum pulse width slack is -3.000
    Info (332119):     Slack       End Point TNS Clock 
    Info (332119): ========= =================== =====================
    Info (332119):    -3.000             -19.432 input_vector[0] 
Info (332102): Design is not fully constrained for setup requirements
Info (332102): Design is not fully constrained for hold requirements
Info: Quartus Prime Timing Analyzer was successful. 0 errors, 5 warnings
    Info: Peak virtual memory: 4791 megabytes
    Info: Processing ended: Mon Nov 21 18:48:52 2022
    Info: Elapsed time: 00:00:02
    Info: Total CPU time (on all processors): 00:00:02


